==1403== Memcheck, a memory error detector
==1403== Copyright (C) 2002-2017, and GNU GPL'd, by Julian Seward et al.
==1403== Using Valgrind-3.18.1 and LibVEX; rerun with -h for copyright info
==1403== Command: ./test
==1403== Parent PID: 1
==1403== 
==1403== 
==1403== FILE DESCRIPTORS: 4 open (3 std) at exit.
==1403== Open file descriptor 3: /host_virtiofs/Users/pavel/Desktop/C4_s21_math-4/src/valgrind.log
==1403==    <inherited from parent>
==1403== 
==1403== 
==1403== HEAP SUMMARY:
==1403==     in use at exit: 0 bytes in 0 blocks
==1403==   total heap usage: 27,713 allocs, 27,713 frees, 299,172 bytes allocated
==1403== 
==1403== All heap blocks were freed -- no leaks are possible
==1403== 
==1403== For lists of detected and suppressed errors, rerun with: -s
==1403== ERROR SUMMARY: 0 errors from 0 contexts (suppressed: 0 from 0)
